cache
cap
cli
comment
config
core
cron
db
embed
eval
eval-file
export
help
i18n
import
language
maintenance-mode
media
menu
network
option
package
plugin
post
post-type
rewrite
role
scaffold
search-replace
server
shell
sidebar
site
super-admin
taxonomy
term
theme
transient
user
widget
cache
cap
cli
comment
config
core
cron
db
embed
eval
eval-file
export
help
i18n
import
language
maintenance-mode
media
menu
network
option
package
plugin
post
post-type
rewrite
role
scaffold
search-replace
server
shell
sidebar
site
super-admin
taxonomy
term
theme
transient
user
widget
